yarn run v1.22.22
$ ../node_modules/.bin/next dev -p 3000
  ▲ Next.js 14.2.28
  - Local:        http://localhost:3000
  - Experiments (use with caution):
    · outputFileTracingRoot

 ✓ Starting...
 ✓ Ready in 2.8s
 ○ Compiling / ...
 ✓ Compiled / in 5.2s (1207 modules)
 GET / 200 in 5779ms
 ✓ Compiled in 556ms (596 modules)
 ○ Compiling /kpis ...
 ✓ Compiled /kpis in 1971ms (1258 modules)
 GET /messaging 200 in 2188ms
 GET /channels 200 in 2205ms
 GET /campaigns 200 in 2193ms
 GET /kpis 200 in 2165ms
 GET /timeline 200 in 2174ms
 GET /customer-journey 200 in 2167ms
 GET / 200 in 2193ms
 GET / 200 in 54ms
 GET /campaigns 200 in 80ms
 GET /kpis 200 in 99ms
 GET /channels 200 in 109ms
 GET /timeline 200 in 98ms
 GET /customer-journey 200 in 95ms
 GET /messaging 200 in 99ms
 GET / 200 in 35ms
 GET /campaigns 200 in 42ms
 GET /kpis 200 in 27ms
 GET /kpis 200 in 37ms
[?25h
