yarn run v1.22.22
$ ../node_modules/.bin/next dev -p 3000
  ▲ Next.js 14.2.28
  - Local:        http://localhost:3000
  - Experiments (use with caution):
    · outputFileTracingRoot

 ✓ Starting...
 ✓ Ready in 2.1s
 ○ Compiling /timeline ...
 ✓ Compiled /timeline in 3.5s (1192 modules)
 ✓ Compiled in 442ms (592 modules)
 ✓ Compiled / in 456ms (1202 modules)
 GET / 200 in 127ms
 ✓ Compiled /kpis in 473ms (1210 modules)
 ✓ Compiled /campaigns in 326ms (1218 modules)
 GET / 200 in 104ms
 GET / 200 in 124ms
 GET / 200 in 29ms
 ✓ Compiled in 654ms (1230 modules)
 ✓ Compiled in 407ms (1230 modules)
 ✓ Compiled in 421ms (1230 modules)
info Visit https://yarnpkg.com/en/docs/cli/run for documentation about this command.
[?25h
