yarn run v1.22.22
$ next dev
  ▲ Next.js 14.2.28
  - Local:        http://localhost:3000
  - Experiments (use with caution):
    · outputFileTracingRoot

 ✓ Starting...
 ✓ Ready in 1861ms
 ○ Compiling / ...
 ✓ Compiled / in 3.7s (1207 modules)
 GET / 200 in 4121ms
 GET / 200 in 4141ms
 ✓ Compiled in 512ms (596 modules)
 GET / 200 in 51ms
 GET / 200 in 38ms
 GET / 200 in 29ms
 GET / 200 in 30ms
 ○ Compiling /campaigns ...
 ✓ Compiled /campaigns in 563ms (1200 modules)
 GET / 200 in 98ms
 GET / 200 in 30ms
 GET / 200 in 43ms
[?25h
